2026-01-05 15:49:17,232 - INFO app - Cameron has been registered to Cerberus
2026-01-05 15:53:18,262 - INFO app - Cameron Lopez has logged in.
2026-01-06 07:41:42,074 - INFO app - Cameron Lopez has logged in.
2026-01-06 07:54:01,505 - INFO app - Cameron Lopez has logged in.
2026-01-06 08:05:58,392 - INFO app - Cameron Lopez has logged in.
2026-01-06 09:44:31,116 - INFO app - Cameron Lopez has logged in.
2026-01-06 11:56:14,071 - INFO app - [TICKET SUBMISSION]: Cameron Lopez has submitted a new ticket, 1000
2026-01-06 11:56:14,073 - ERROR app - [TICKET SUBMISSION ERROR]: Ticket.serialize() got an unexpected keyword argument 'include_relationships'
2026-01-06 12:05:09,950 - INFO app - [TICKET SUBMISSION]: Cameron Lopez has submitted a new ticket, 1001
2026-01-06 12:05:09,952 - ERROR app - [TICKET SUBMISSION ERROR]: 'User' object is not iterable
2026-01-06 12:10:00,099 - INFO app - [TICKET SUBMISSION]: Cameron Lopez has submitted a new ticket, 1002
2026-01-06 12:12:09,738 - INFO app - [TICKET SUBMISSION]: Cameron Lopez has submitted a new ticket, 1003
2026-01-06 12:12:58,319 - INFO app - [TICKET SUBMISSION]: Cameron Lopez has submitted a new ticket, 1005
2026-01-06 12:42:42,432 - INFO app - [DEDUCTION]: Cameron Lopez has submitted a new deduction, 1
2026-01-06 13:02:15,297 - INFO app - [DEDUCTION]: Cameron Lopez has submitted a new deduction, 2
2026-01-06 13:17:19,721 - INFO app - [DEDUCTION DELETE] Cameron deleted deduction 1
2026-01-06 13:17:37,243 - INFO app - [DEDUCTION]: Cameron Lopez has submitted a new deduction, 3
2026-01-06 13:17:44,753 - INFO app - [DEDUCTION DELETE] Cameron deleted deduction 2
2026-01-06 13:19:10,709 - INFO app - [DEDUCTION]: Cameron Lopez has submitted a new deduction, 4
2026-01-06 15:59:36,115 - ERROR app - [NEW LINE ITEM ERROR]: unbound method datetime.date() needs an argument
2026-01-07 09:24:39,832 - INFO app - Cameron Lopez has logged in.
2026-01-07 09:43:02,556 - INFO app - [TICKET SUBMISSION]: Cameron Lopez has submitted a new ticket, 1007
2026-01-07 09:48:23,768 - INFO app - [TICKET SUBMISSION]: Cameron Lopez has submitted a new ticket, 1008
2026-01-07 14:43:51,525 - INFO app - Cameron has been registered to Cerberus
2026-01-07 14:44:00,004 - INFO app - Cameron Lopez has logged in.
2026-01-07 15:34:42,828 - INFO app - [NEW LOCATION ADDED]: Cameron Lopez added a new location: Lake Charles
2026-01-07 15:35:26,724 - INFO app - [NEW LOCATION ADDED]: Cameron Lopez added a new location: Jennings
2026-01-07 15:39:10,248 - INFO app - Anthony has been registered to Cerberus
2026-01-07 15:39:20,340 - INFO app - Anthony Lubin has logged in.
2026-01-07 15:42:22,519 - INFO app - Cameron Lopez has logged in.
2026-01-07 16:01:32,462 - ERROR app - [REGISTRATION ERROR]: (pymysql.err.IntegrityError) (1048, "Column 'location_id' cannot be null")
[SQL: INSERT INTO users (first_name, last_name, email, password_hash, `terminated`, department, is_admin, location_id) VALUES (%(first_name)s, %(last_name)s, %(email)s, %(password_hash)s, %(terminated)s, %(department)s, %(is_admin)s, %(location_id)s)]
[parameters: {'first_name': 'Cameron', 'last_name': 'Lopez', 'email': 'cameron@mattsappliancesla.net', 'password_hash': '$2b$12$oX6QY52yKRjUTy5xp9vKi.vVfCpSd8L8NF3lu5hLt4/Gp82bpW3jS', 'terminated': 0, 'department': 'OFFICE', 'is_admin': 1, 'location_id': None}]
(Background on this error at: https://sqlalche.me/e/20/gkpj)
2026-01-08 09:05:48,103 - ERROR app - [LOGIN ERROR]: invalid email has been entered -> kamrin717@gmail.com
2026-01-08 10:42:08,900 - INFO app - Cameron Lopez has logged in.
2026-01-08 10:48:49,659 - INFO app - Cameron Lopez has logged in.
2026-01-08 12:30:04,550 - INFO app - [NEW LOCATION ADDED]: Cameron Lopez added a new location: jennings | tax rate: 0.0795
2026-01-08 12:40:55,199 - INFO app - Cameron Lopez updated their location to Jennings
2026-01-08 12:41:02,839 - INFO app - Cameron Lopez updated their location to Lake Charles
2026-01-08 12:41:57,900 - INFO app - [NEW LOCATION ADDED]: Cameron Lopez added a new location: lafayette | tax rate: 0.105
2026-01-08 12:42:02,541 - INFO app - Cameron Lopez updated their location to Lafayette
2026-01-08 12:45:31,120 - INFO app - Cameron Lopez updated their location to Lafayette
2026-01-08 12:45:33,778 - INFO app - Cameron Lopez updated their location to Jennings
2026-01-08 12:45:36,569 - INFO app - Cameron Lopez updated their location to Lake Charles
2026-01-08 12:48:25,119 - INFO app - Anthony has been registered to Cerberus
2026-01-08 12:48:33,489 - INFO app - Anthony Lubin has logged in.
2026-01-08 12:48:38,733 - INFO app - Anthony Lubin updated their location to Lafayette
2026-01-08 12:48:43,605 - INFO app - Anthony Lubin updated their location to Jennings
2026-01-08 12:48:45,675 - INFO app - Anthony Lubin updated their location to Lake Charles
2026-01-08 12:48:59,220 - INFO app - Cameron Lopez has logged in.
2026-01-08 13:23:29,509 - INFO app - Cameron Lopez updated their location to Lafayette
2026-01-08 13:34:11,035 - INFO app - [LOCATION UPDATED]: Cameron Lopez updated location 'Lake Charles'
2026-01-08 13:46:28,424 - INFO app - Cameron Lopez updated their location to Jennings
2026-01-08 13:48:21,390 - INFO app - [LOCATION UPDATED]: Cameron Lopez updated location 'Jennings'
2026-01-08 13:48:44,314 - INFO app - [LOCATION UPDATED]: Cameron Lopez updated location 'Lafayette'
2026-01-08 13:54:06,126 - INFO app - Cameron Lopez updated their location to Lake Charles
2026-01-08 15:08:06,129 - INFO app - Cameron Lopez updated their location to Lafayette
2026-01-08 15:08:55,039 - INFO app - Cameron Lopez updated their location to Jennings
2026-01-08 15:10:03,220 - INFO app - Cameron Lopez updated their location to Lake Charles
2026-01-08 15:10:12,038 - INFO app - Cameron Lopez updated their location to Lafayette
2026-01-08 15:10:21,133 - INFO app - Cameron Lopez updated their location to Lake Charles
2026-01-08 15:29:13,863 - ERROR app - [TICKET CREATION ERROR]: 'LineItem' object has no attribute 'qunatity'
2026-01-08 15:31:52,145 - INFO app - [TICKET CREATED]: Cameron Lopez created ticket 1001
2026-01-08 15:32:29,747 - INFO app - [TICKET CREATED]: Cameron Lopez created ticket 1002
2026-01-08 15:35:20,439 - ERROR app - [TICKET QUERY ERROR]: Strings are not accepted for attribute names in loader options; please use class-bound attributes directly.
2026-01-09 12:55:44,865 - INFO app - Cameron Lopez has logged in.
2026-01-09 12:56:03,273 - INFO app - [LOCATION UPDATED]: Cameron Lopez updated location 'Lake Charles'
2026-01-09 12:56:20,718 - INFO app - [NEW LOCATION ADDED]: Cameron Lopez added a new location: Jennings | tax rate: 0.105
2026-01-09 12:56:23,103 - INFO app - Cameron Lopez updated their location to Jennings
2026-01-09 12:56:25,603 - INFO app - Cameron Lopez updated their location to Lake Charles
2026-01-09 13:11:15,638 - INFO app - Cameron Lopez has logged in.
2026-01-09 13:12:30,155 - ERROR app - [NEW TICKET ERROR]: unsupported operand type(s) for +: 'int' and 'NoneType'
2026-01-09 13:13:56,056 - ERROR app - [NEW TICKET ERROR]: unsupported operand type(s) for +: 'int' and 'NoneType'
2026-01-09 13:19:18,596 - ERROR app - [NEW TICKET ERROR]: unsupported operand type(s) for +: 'int' and 'NoneType'
2026-01-09 13:29:19,480 - ERROR app - [NEW TICKET ERROR]: unsupported operand type(s) for +: 'int' and 'NoneType'
2026-01-09 13:30:25,752 - ERROR app - [NEW TICKET ERROR]: unsupported operand type(s) for +: 'int' and 'NoneType'
2026-01-09 13:30:43,805 - ERROR app - [NEW TICKET ERROR]: unsupported operand type(s) for +: 'int' and 'NoneType'
2026-01-09 13:32:31,834 - ERROR app - [NEW TICKET ERROR]: unsupported operand type(s) for +: 'int' and 'NoneType'
2026-01-09 13:33:09,995 - ERROR app - [NEW TICKET ERROR]: unsupported operand type(s) for +: 'int' and 'NoneType'
2026-01-09 13:33:36,504 - ERROR app - [NEW TICKET ERROR]: unsupported operand type(s) for +: 'int' and 'NoneType'
2026-01-09 13:34:52,108 - ERROR app - [NEW TICKET ERROR]: unsupported operand type(s) for +: 'int' and 'NoneType'
2026-01-09 13:35:57,804 - ERROR app - [NEW TICKET ERROR]: unsupported operand type(s) for +: 'int' and 'NoneType'
2026-01-09 13:37:27,437 - INFO app - [LOCATION UPDATED]: Cameron Lopez updated location 'Lake Charles'
2026-01-09 13:37:41,329 - ERROR app - [NEW TICKET ERROR]: unsupported operand type(s) for +: 'int' and 'NoneType'
2026-01-09 13:38:28,576 - ERROR app - [NEW TICKET ERROR]: unsupported operand type(s) for +: 'int' and 'NoneType'
2026-01-09 13:38:55,223 - ERROR app - [NEW TICKET ERROR]: unsupported operand type(s) for +: 'int' and 'NoneType'
2026-01-09 13:39:25,112 - ERROR app - [NEW TICKET ERROR]: unsupported operand type(s) for +: 'int' and 'NoneType'
2026-01-09 13:44:09,190 - INFO app - [NEW TICKET]: Cameron Lopez added a ticket. #1001
2026-01-09 13:45:49,840 - INFO app - [NEW TICKET]: Cameron Lopez added a ticket. #1002
2026-01-09 13:46:10,977 - INFO app - [NEW TICKET]: Cameron Lopez added a ticket. #1003
2026-01-09 14:00:05,158 - ERROR app - [NEW TICKET ERROR]: unsupported operand type(s) for +: 'int' and 'NoneType'
2026-01-09 14:00:23,799 - INFO app - [NEW TICKET]: Cameron Lopez added a ticket. #1001
2026-01-09 14:03:16,188 - ERROR app - [NEW TICKET ERROR]: unsupported operand type(s) for +: 'int' and 'NoneType'
2026-01-09 14:04:30,188 - ERROR app - [NEW TICKET ERROR]: unsupported operand type(s) for +: 'int' and 'NoneType'
2026-01-09 14:07:50,847 - INFO app - [NEW TICKET]: Cameron Lopez added a ticket. #1001
2026-01-09 14:08:27,016 - INFO app - [NEW TICKET]: Cameron Lopez added a ticket. #1002
2026-01-09 14:22:01,511 - INFO app - [NEW TICKET]: Cameron Lopez added a ticket. #1001
2026-01-09 14:26:17,115 - INFO app - [NEW TICKET]: Cameron Lopez added a ticket. #1001
2026-01-09 14:31:55,657 - INFO app - [NEW TICKET]: Cameron Lopez added a ticket. #1001
2026-01-09 14:32:51,988 - INFO app - [NEW TICKET]: Cameron Lopez added a ticket. #1002
2026-01-09 14:43:20,507 - INFO app - [NEW TICKET]: Cameron Lopez added a ticket. #1001
2026-01-09 14:55:54,368 - INFO app - [NEW TICKET]: Cameron Lopez added a ticket. #1001
2026-01-09 14:59:06,703 - INFO app - [NEW TICKET]: Cameron Lopez added a ticket. #1001
2026-01-09 15:04:47,134 - INFO app - [NEW TICKET]: Cameron Lopez added a ticket. #1002
2026-01-09 15:18:34,784 - INFO app - [NEW TICKET]: Cameron Lopez added a ticket. #1003
2026-01-09 16:08:31,038 - INFO app - [NEW TICKET]: Cameron Lopez added a ticket. #1001
2026-01-09 16:08:55,898 - INFO app - [NEW TICKET]: Cameron Lopez added a ticket. #1002
2026-01-09 16:09:36,856 - INFO app - [NEW TICKET]: Cameron Lopez added a ticket. #1003
2026-01-09 16:09:56,228 - INFO app - [NEW TICKET]: Cameron Lopez added a ticket. #1004
2026-01-09 16:15:23,779 - INFO app - [NEW TICKET]: Cameron Lopez added a ticket. #1005
2026-01-12 13:45:49,272 - INFO app - Cameron Lopez has logged in.
2026-01-12 13:48:34,446 - INFO app - [NEW TICKET]: Cameron Lopez added a ticket. #1001
2026-01-12 13:49:45,605 - INFO app - Cameron Lopez has logged in.
2026-01-12 13:50:01,155 - INFO app - [NEW TICKET]: Cameron Lopez added a ticket. #1001
2026-01-12 13:54:04,864 - INFO app - [DEDUCTION CREATED]: Cameron Lopez created deduction 1
2026-01-12 13:54:14,402 - INFO app - [DEDUCTION DELETE] Cameron deleted deduction 1
2026-01-13 09:18:57,695 - INFO app - Cameron Lopez has logged in.
2026-01-13 11:17:42,629 - INFO app - [NEW TICKET]: Cameron Lopez added a ticket. #1002
2026-01-13 13:12:22,372 - INFO app - [NEW TICKET]: Cameron Lopez added a ticket. #1003
2026-01-13 13:17:02,735 - INFO app - [NEW TICKET]: Cameron Lopez added ticket #1001
2026-01-13 13:19:17,694 - INFO app - [LOCATION UPDATED]: Cameron Lopez updated location 'Lake Charles'
2026-01-13 13:19:59,537 - INFO app - [NEW TICKET]: Cameron Lopez added ticket #1001
2026-01-13 13:28:02,892 - INFO app - [NEW TICKET]: Cameron Lopez added ticket #1001
2026-01-13 13:29:41,458 - INFO app - [NEW TICKET]: Cameron Lopez added ticket #1002
2026-01-13 13:31:55,718 - INFO app - [NEW TICKET]: Cameron Lopez added ticket #1003
2026-01-13 13:36:55,854 - INFO app - [NEW TICKET]: Cameron Lopez added ticket #1001
2026-01-13 14:58:38,963 - INFO app - [TICKET DELETE] Cameron deleted ticket 9
2026-01-13 14:59:20,491 - INFO app - [NEW TICKET]: Cameron Lopez added ticket #1001
2026-01-13 15:05:39,103 - INFO app - [TICKET DELETE] Cameron deleted ticket 10
2026-01-13 15:06:28,461 - INFO app - [NEW TICKET]: Cameron Lopez added ticket #1001
2026-01-13 15:35:35,935 - INFO app - [TRANSACTION DELETED] Cameron deleted transaction 16
2026-01-13 15:43:34,516 - INFO app - [LINE ITEM DELETE] Cameron deleted line item 26 from transaction 15
2026-01-13 15:47:55,848 - INFO app - [TICKET DELETE] Cameron deleted ticket 11
2026-01-13 15:48:28,023 - INFO app - [NEW TICKET]: Cameron Lopez added ticket #1001
2026-01-13 15:49:06,707 - INFO app - [LINE ITEM DELETE] Cameron deleted line item 30 from transaction 17
2026-01-13 16:26:40,224 - INFO app - Anthony has been registered to Cerberus
2026-01-13 16:32:09,741 - INFO app - Brandon has been registered to Cerberus
2026-01-13 16:32:27,579 - INFO app - Chase has been registered to Cerberus
2026-01-13 16:32:53,500 - INFO app - Chris has been registered to Cerberus
2026-01-13 16:33:36,659 - INFO app - [NEW LOCATION ADDED]: Cameron Lopez added a new location: Jennings | tax rate: 0.1
2026-01-13 16:33:58,954 - INFO app - Andrew has been registered to Cerberus
2026-01-14 08:28:37,791 - INFO app - Cameron Lopez has logged in.
2026-01-14 08:33:07,008 - INFO app - [NEW TICKET]: Cameron Lopez added ticket #1002
2026-01-14 08:33:23,986 - INFO app - [NEW TICKET]: Cameron Lopez added ticket #1003
2026-01-14 08:34:00,308 - INFO app - [NEW TICKET]: Cameron Lopez added ticket #1004
2026-01-14 08:34:19,313 - ERROR app - [NEW TICKET ERROR]: (pymysql.err.IntegrityError) (1062, "Duplicate entry '1004' for key 'tickets.ticket_number'")
[SQL: INSERT INTO tickets (ticket_number, ticket_date, location_id, user_id, subtotal, tax_total, total) VALUES (%(ticket_number)s, %(ticket_date)s, %(location_id)s, %(user_id)s, %(subtotal)s, %(tax_total)s, %(total)s)]
[parameters: {'ticket_number': 1004, 'ticket_date': datetime.date(2026, 1, 14), 'location_id': 1, 'user_id': 1, 'subtotal': 4500, 'tax_total': 484, 'total': 4984}]
(Background on this error at: https://sqlalche.me/e/20/gkpj)
2026-01-14 08:37:43,011 - INFO app - [NEW TICKET]: Cameron Lopez added ticket #1005
2026-01-14 08:38:43,229 - INFO app - [NEW TICKET]: Cameron Lopez added ticket #1006
2026-01-14 08:38:57,458 - INFO app - [NEW TICKET]: Cameron Lopez added ticket #1007
2026-01-14 08:39:25,170 - INFO app - [NEW TICKET]: Cameron Lopez added ticket #1008
2026-01-14 08:40:24,141 - INFO app - [NEW TICKET]: Cameron Lopez added ticket #1009
2026-01-14 08:44:34,316 - INFO app - Cameron Lopez updated their location to Jennings
2026-01-14 08:44:40,658 - INFO app - Cameron Lopez updated their location to Lake Charles
2026-01-14 08:44:53,468 - INFO app - [LOCATION UPDATED]: Cameron Lopez updated location 'Jennings'
2026-01-15 16:18:56,836 - INFO app - Cameron Lopez has logged in.
2026-01-15 16:20:44,513 - INFO app - Cameron Lopez has logged in.
2026-01-16 11:58:19,897 - INFO app - Cameron Lopez has logged in.
2026-01-19 10:45:03,787 - INFO app - Cameron Lopez has logged in.
2026-01-19 10:51:23,794 - INFO app - [DEDUCTION CREATED]: Cameron Lopez created deduction 2
2026-01-19 11:03:39,727 - INFO app - [DEDUCTION CREATED]: Cameron Lopez created deduction 3
2026-01-19 11:04:12,749 - INFO app - [DEDUCTION DELETE] Cameron deleted deduction 3
2026-01-19 11:04:14,802 - INFO app - [DEDUCTION DELETE] Cameron deleted deduction 2
2026-01-19 11:04:54,322 - INFO app - [DEDUCTION CREATED]: Cameron Lopez created deduction 4
2026-01-19 11:06:30,863 - INFO app - [DEDUCTION CREATED]: Cameron Lopez created deduction 5
2026-01-19 11:06:39,499 - INFO app - [DEDUCTION DELETE] Cameron deleted deduction 4
2026-01-19 11:13:41,153 - INFO app - Cameron Lopez has logged in.
2026-01-19 11:13:54,741 - INFO app - [LOCATION UPDATED]: Cameron Lopez updated location 'Lake Charles'
2026-01-19 11:14:20,770 - INFO app - [NEW TICKET]: Cameron Lopez added ticket #1001
2026-01-19 11:14:32,372 - INFO app - [NEW TICKET]: Cameron Lopez added ticket #1002
2026-01-19 11:14:46,728 - INFO app - [DEDUCTION CREATED]: Cameron Lopez created deduction 1
2026-01-19 12:11:12,155 - INFO app - [NEW TICKET]: Cameron Lopez added ticket #1004
2026-01-19 12:16:57,271 - INFO app - Chase has been registered to Cerberus
2026-01-19 12:17:20,989 - INFO app - Jerry has been registered to Cerberus
2026-01-19 12:22:36,416 - INFO app - [DEDUCTION CREATED]: Cameron Lopez created deduction 2
2026-01-20 07:38:11,895 - INFO app - Cameron Lopez has logged in.
2026-01-20 07:57:09,183 - INFO app - Chase` has been registered to Cerberus
2026-01-20 08:41:00,119 - INFO app - [USER UPDATE] 1 updated user 2
2026-01-20 08:51:21,249 - INFO app - [USER UPDATE] 1 updated user 1
2026-01-20 08:51:43,226 - INFO app - Chase Warden has logged in.
2026-01-20 09:01:28,627 - INFO app - Cameron Lopez has logged in.
2026-01-20 09:09:05,499 - INFO app - [USER STATUS] Cameron set user 2 as terminated
2026-01-20 10:14:57,400 - INFO app - Chase Warden has logged in.
2026-01-20 10:27:25,642 - INFO app - [NEW TICKET]: Cameron Lopez added ticket #2001
2026-01-20 10:27:58,852 - INFO app - [NEW TICKET]: Cameron Lopez added ticket #2002
